$ vagrant ssh awx
==> vagrant: A new version of Vagrant is available: 2.2.5 (installed version: 2.2.3)!
==> vagrant: To upgrade visit: https://www.vagrantup.com/downloads.html

Last login: Tue Sep 10 18:47:13 2019 from 10.0.2.2
-bash: warning: setlocale: LC_CTYPE: cannot change locale (UTF-8): No such file or directory
[vagrant@awx ~]$ sudo docker ps
CONTAINER ID        IMAGE                        COMMAND                  CREATED             STATUS              PORTS                                                 NAMES
d3b1abf5882d        ansible/awx_task:6.1.0       "/tini -- /bin/sh -c…"   12 minutes ago      Up 12 minutes       8052/tcp                                              awx_task
ce7a9e4a1d55        ansible/awx_web:6.1.0        "/tini -- /bin/sh -c…"   12 minutes ago      Up 12 minutes       0.0.0.0:80->8052/tcp                                  awx_web
4b31c92354cf        postgres:9.6                 "docker-entrypoint.s…"   12 minutes ago      Up 11 minutes       5432/tcp                                              awx_postgres
cac5a7ded6a4        memcached:alpine             "docker-entrypoint.s…"   12 minutes ago      Up 12 minutes       11211/tcp                                             awx_memcached
367b8a9f6a8e        ansible/awx_rabbitmq:3.7.4   "docker-entrypoint.s…"   12 minutes ago      Up 11 minutes       4369/tcp, 5671-5672/tcp, 15671-15672/tcp, 25672/tcp   awx_rabbitmq
[vagrant@awx ~]$ sudo docker logs awx_task
Using /etc/ansible/ansible.cfg as config file
127.0.0.1 | SUCCESS => {
    "ansible_facts": {
        "discovered_interpreter_python": "/usr/bin/python"
    },
    "changed": false,
    "elapsed": 0,
    "match_groupdict": {},
    "match_groups": [],
    "path": null,
    "port": 5432,
    "search_regex": null,
    "state": "started"
}
Using /etc/ansible/ansible.cfg as config file
127.0.0.1 | SUCCESS => {
    "ansible_facts": {
        "discovered_interpreter_python": "/usr/bin/python"
    },
    "changed": false,
    "elapsed": 0,
    "match_groupdict": {},
    "match_groups": [],
    "path": null,
    "port": 11211,
    "search_regex": null,
    "state": "started"
}
Using /etc/ansible/ansible.cfg as config file
127.0.0.1 | SUCCESS => {
    "ansible_facts": {
        "discovered_interpreter_python": "/usr/bin/python"
    },
    "changed": false,
    "elapsed": 16,
    "match_groupdict": {},
    "match_groups": [],
    "path": null,
    "port": 5672,
    "search_regex": null,
    "state": "started"
}
Using /etc/ansible/ansible.cfg as config file
127.0.0.1 | SUCCESS => {
    "ansible_facts": {
        "discovered_interpreter_python": "/usr/bin/python"
    },
    "changed": false,
    "db": "awx"
}
2019-09-10 18:48:18,521 DEBUG    awx.main.migrations Removing all Rackspace InventorySource from database.
2019-09-10 18:48:18,737 DEBUG    awx.main.migrations Removing all Azure Credentials from database.
2019-09-10 18:48:18,833 DEBUG    awx.main.migrations Removing all Azure InventorySource from database.
2019-09-10 18:48:18,925 DEBUG    awx.main.migrations Removing all InventorySource that have no link to an Inventory from database.
2019-09-10 18:48:37,671 INFO     rbac_migrations Computing role roots..
2019-09-10 18:48:37,672 INFO     rbac_migrations Found 0 roots in 0.000118 seconds, rebuilding ancestry map
2019-09-10 18:48:37,672 INFO     rbac_migrations Rebuild completed in 0.000004 seconds
2019-09-10 18:48:37,672 INFO     rbac_migrations Done.
2019-09-10 18:48:39,487 INFO     rbac_migrations Computing role roots..
2019-09-10 18:48:39,488 INFO     rbac_migrations Found 0 roots in 0.000166 seconds, rebuilding ancestry map
2019-09-10 18:48:39,488 INFO     rbac_migrations Rebuild completed in 0.000005 seconds
2019-09-10 18:48:39,488 INFO     rbac_migrations Done.
2019-09-10 18:48:49,136 DEBUG    awx.main.models.credential adding Machine credential type
2019-09-10 18:48:49,254 DEBUG    awx.main.models.credential adding Source Control credential type
2019-09-10 18:48:49,261 DEBUG    awx.main.models.credential adding Vault credential type
2019-09-10 18:48:49,268 DEBUG    awx.main.models.credential adding Network credential type
2019-09-10 18:48:49,274 DEBUG    awx.main.models.credential adding Amazon Web Services credential type
2019-09-10 18:48:49,279 DEBUG    awx.main.models.credential adding OpenStack credential type
2019-09-10 18:48:49,286 DEBUG    awx.main.models.credential adding VMware vCenter credential type
2019-09-10 18:48:49,292 DEBUG    awx.main.models.credential adding Red Hat Satellite 6 credential type
2019-09-10 18:48:49,298 DEBUG    awx.main.models.credential adding Red Hat CloudForms credential type
2019-09-10 18:48:49,304 DEBUG    awx.main.models.credential adding Google Compute Engine credential type
2019-09-10 18:48:49,310 DEBUG    awx.main.models.credential adding Microsoft Azure Resource Manager credential type
2019-09-10 18:48:49,317 DEBUG    awx.main.models.credential adding Insights credential type
2019-09-10 18:48:49,324 DEBUG    awx.main.models.credential adding Red Hat Virtualization credential type
2019-09-10 18:48:49,330 DEBUG    awx.main.models.credential adding Ansible Tower credential type
2019-09-10 18:48:49,336 DEBUG    awx.main.models.credential adding CyberArk AIM Secret Lookup credential type
2019-09-10 18:48:49,343 DEBUG    awx.main.models.credential adding Microsoft Azure Key Vault credential type
2019-09-10 18:48:49,350 DEBUG    awx.main.models.credential adding CyberArk Conjur Secret Lookup credential type
2019-09-10 18:48:49,355 DEBUG    awx.main.models.credential adding HashiCorp Vault Secret Lookup credential type
2019-09-10 18:48:49,361 DEBUG    awx.main.models.credential adding HashiCorp Vault Signed SSH credential type
2019-09-10 18:48:50,999 DEBUG    awx.main.migrations Migrating inventory instance_id for gce to gce_id
Operations to perform:
  Apply all migrations: auth, conf, contenttypes, main, oauth2_provider, sessions, sites, social_django, sso, taggit
Running migrations:
  Applying contenttypes.0001_initial... OK
  Applying contenttypes.0002_remove_content_type_name... OK
  Applying taggit.0001_initial... OK
  Applying taggit.0002_auto_20150616_2121... OK
  Applying auth.0001_initial... OK
  Applying main.0001_initial... OK
  Applying main.0002_squashed_v300_release... OK
  Applying main.0003_squashed_v300_v303_updates... OK
  Applying main.0004_squashed_v310_release... OK
  Applying conf.0001_initial... OK
  Applying conf.0002_v310_copy_tower_settings... OK
  Applying main.0005_squashed_v310_v313_updates... OK
  Applying main.0006_v320_release... OK
  Applying main.0007_v320_data_migrations... OK
  Applying main.0008_v320_drop_v1_credential_fields... OK
  Applying main.0009_v322_add_setting_field_for_activity_stream... OK
  Applying main.0010_v322_add_ovirt4_tower_inventory... OK
  Applying main.0011_v322_encrypt_survey_passwords... OK
  Applying main.0012_v322_update_cred_types... OK
  Applying main.0013_v330_multi_credential... OK
  Applying auth.0002_alter_permission_name_max_length... OK
  Applying auth.0003_alter_user_email_max_length... OK
  Applying auth.0004_alter_user_username_opts... OK
  Applying auth.0005_alter_user_last_login_null... OK
  Applying auth.0006_require_contenttypes_0002... OK
  Applying auth.0007_alter_validators_add_error_messages... OK
  Applying auth.0008_alter_user_username_max_length... OK
  Applying auth.0009_alter_user_last_name_max_length... OK
  Applying auth.0010_alter_group_name_max_length... OK
  Applying auth.0011_update_proxy_permissions... OK
  Applying conf.0003_v310_JSONField_changes... OK
  Applying conf.0004_v320_reencrypt... OK
  Applying conf.0005_v330_rename_two_session_settings... OK
  Applying conf.0006_v331_ldap_group_type... OK
  Applying sessions.0001_initial... OK
  Applying main.0014_v330_saved_launchtime_configs... OK
  Applying main.0015_v330_blank_start_args... OK
  Applying main.0016_v330_non_blank_workflow... OK
  Applying main.0017_v330_move_deprecated_stdout... OK
  Applying main.0018_v330_add_additional_stdout_events... OK
  Applying main.0019_v330_custom_virtualenv... OK
  Applying main.0020_v330_instancegroup_policies... OK
  Applying main.0021_v330_declare_new_rbac_roles... OK
  Applying main.0022_v330_create_new_rbac_roles... OK
  Applying main.0023_v330_inventory_multicred... OK
  Applying main.0024_v330_create_user_session_membership... OK
  Applying main.0025_v330_add_oauth_activity_stream_registrar... OK
  Applying oauth2_provider.0001_initial... OK
  Applying main.0026_v330_delete_authtoken... OK
  Applying main.0027_v330_emitted_events... OK
  Applying main.0028_v330_add_tower_verify... OK
  Applying main.0030_v330_modify_application... OK
  Applying main.0031_v330_encrypt_oauth2_secret... OK
  Applying main.0032_v330_polymorphic_delete... OK
  Applying main.0033_v330_oauth_help_text... OK
  Applying main.0034_v330_delete_user_role... OK
  Applying main.0035_v330_more_oauth2_help_text... OK
  Applying main.0036_v330_credtype_remove_become_methods... OK
  Applying main.0037_v330_remove_legacy_fact_cleanup... OK
  Applying main.0038_v330_add_deleted_activitystream_actor... OK
  Applying main.0039_v330_custom_venv_help_text... OK
  Applying main.0040_v330_unifiedjob_controller_node... OK
  Applying main.0041_v330_update_oauth_refreshtoken... OK
  Applying main.0042_v330_org_member_role_deparent... OK
  Applying main.0043_v330_oauth2accesstoken_modified... OK
  Applying main.0044_v330_add_inventory_update_inventory... OK
  Applying main.0045_v330_instance_managed_by_policy... OK
  Applying main.0046_v330_remove_client_credentials_grant... OK
  Applying main.0047_v330_activitystream_instance... OK
  Applying main.0048_v330_django_created_modified_by_model_name... OK
  Applying main.0049_v330_validate_instance_capacity_adjustment... OK
  Applying main.0050_v340_drop_celery_tables... OK
  Applying main.0051_v340_job_slicing... OK
  Applying main.0052_v340_remove_project_scm_delete_on_next_update... OK
  Applying main.0053_v340_workflow_inventory... OK
  Applying main.0054_v340_workflow_convergence... OK
  Applying main.0055_v340_add_grafana_notification... OK
  Applying main.0056_v350_custom_venv_history... OK
  Applying main.0057_v350_remove_become_method_type... OK
  Applying main.0058_v350_remove_limit_limit... OK
  Applying main.0059_v350_remove_adhoc_limit... OK
  Applying main.0060_v350_update_schedule_uniqueness_constraint... OK
  Applying main.0061_v350_track_native_credentialtype_source... OK
  Applying main.0062_v350_new_playbook_stats... OK
  Applying main.0063_v350_org_host_limits... OK
  Applying main.0064_v350_analytics_state... OK
  Applying main.0065_v350_index_job_status... OK
  Applying main.0066_v350_inventorysource_custom_virtualenv... OK
  Applying main.0067_v350_credential_plugins... OK
  Applying main.0068_v350_index_event_created... OK
  Applying main.0069_v350_generate_unique_install_uuid... OK
  Applying main.0070_v350_gce_instance_id... OK
  Applying main.0071_v350_remove_system_tracking... OK
  Applying main.0072_v350_deprecate_fields... OK
  Applying main.0073_v360_create_instance_group_m2m... OK
  Applying main.0074_v360_migrate_instance_group_relations... OK
  Applying main.0075_v360_remove_old_instance_group_relations... OK
  Applying main.0076_v360_add_new_instance_group_relations... OK
  Applying main.0077_v360_add_default_orderings... OK
  Applying main.0078_v360_clear_sessions_tokens_jt... OK
  Applying main.0079_v360_rm_implicit_oauth2_apps... OK
  Applying main.0080_v360_replace_job_origin... OK
  Applying main.0081_v360_notify_on_start... OK
  Applying oauth2_provider.0002_08_updates... OK
  Applying oauth2_provider.0003_auto_20160316_1503... OK
  Applying oauth2_provider.0004_auto_20160525_1623... OK
  Applying oauth2_provider.0005_auto_20170514_1141... OK
  Applying oauth2_provider.0006_auto_20171214_2232... OK
  Applying sites.0001_initial... OK
  Applying sites.0002_alter_domain_unique... OK
  Applying social_django.0001_initial... OK
  Applying social_django.0002_add_related_name... OK
  Applying social_django.0003_alter_email_max_length... OK
  Applying social_django.0004_auto_20160423_0400... OK
  Applying social_django.0005_auto_20160727_2333... OK
  Applying social_django.0006_partial... OK
  Applying social_django.0007_code_timestamp... OK
  Applying social_django.0008_partial_timestamp... OK
  Applying sso.0001_initial... OK
  Applying sso.0002_expand_provider_options... OK
Default organization added.
Demo Credential, Inventory, and Job Template added.
(changed: True)
2019-09-10 18:49:14,377 DEBUG    awx.main.dispatch publish awx.main.tasks.apply_cluster_membership_policies(31d56ea3-25d0-4481-be97-b33eb031a1e8, queue=awx_private_queue)
Successfully registered instance awx
(changed: True)
2019-09-10 18:49:16,413 DEBUG    awx.main.dispatch publish awx.main.tasks.apply_cluster_membership_policies(b76ae0d3-f61f-4f26-bea6-ae61962a4615, queue=awx_private_queue)
2019-09-10 18:49:16,437 DEBUG    awx.main.dispatch publish awx.main.tasks.apply_cluster_membership_policies(ebfd8104-c513-4b6b-acdc-089083395f44, queue=awx_private_queue)
Creating instance group tower
(changed: True)
2019-09-10 18:49:16,934 CRIT Supervisor is running as root.  Privileges were not dropped because no user is specified in the config file.  If you intend to run as root, you can set user=root in the config file to avoid this message.
2019-09-10 18:49:16,953 INFO RPC interface 'supervisor' initialized
2019-09-10 18:49:16,953 CRIT Server 'unix_http_server' running without any HTTP authentication checking
2019-09-10 18:49:16,953 INFO supervisord started with pid 180
2019-09-10 18:49:17,955 INFO spawned: 'awx-config-watcher' with pid 183
2019-09-10 18:49:17,961 INFO spawned: 'channels-worker' with pid 184
2019-09-10 18:49:17,962 INFO spawned: 'callback-receiver' with pid 185
2019-09-10 18:49:17,964 INFO spawned: 'dispatcher' with pid 186
READY
2019-09-10 18:49:19,130 INFO success: awx-config-watcher entered RUNNING state, process has stayed up for > than 1 seconds (startsecs)
2019-09-10 18:49:19,130 INFO success: channels-worker entered RUNNING state, process has stayed up for > than 1 seconds (startsecs)
2019-09-10 18:49:19,130 INFO success: callback-receiver entered RUNNING state, process has stayed up for > than 1 seconds (startsecs)
2019-09-10 18:49:19,130 INFO success: dispatcher entered RUNNING state, process has stayed up for > than 1 seconds (startsecs)
2019-09-10 18:49:23,632 WARNING  awx.main.commands.run_callback_receiver scaling up worker pid:200
2019-09-10 18:49:23,632 WARNING  awx.main.commands.run_callback_receiver scaling up worker pid:200
2019-09-10 18:49:23,748 WARNING  awx.main.commands.run_callback_receiver scaling up worker pid:201
2019-09-10 18:49:23,748 WARNING  awx.main.commands.run_callback_receiver scaling up worker pid:201
2019-09-10 18:49:23,928 WARNING  awx.main.commands.run_callback_receiver scaling up worker pid:202
2019-09-10 18:49:23,928 WARNING  awx.main.commands.run_callback_receiver scaling up worker pid:202
2019-09-10 18:49:23,991 WARNING  awx.main.commands.run_callback_receiver scaling up worker pid:203
2019-09-10 18:49:23,991 WARNING  awx.main.commands.run_callback_receiver scaling up worker pid:203
2019-09-10 18:49:24,092 WARNING  awx.main.dispatch scaling up worker pid:204
2019-09-10 18:49:24,298 WARNING  awx.main.dispatch scaling up worker pid:205
2019-09-10 18:49:24,379 WARNING  awx.main.dispatch scaling up worker pid:206
2019-09-10 18:49:24,437 WARNING  awx.main.dispatch scaling up worker pid:207
2019-09-10 18:49:24,449 DEBUG    awx.main.tasks Syncing Schedules
2019-09-10 18:49:24,456 - INFO - runworker - Using single-threaded worker.
2019-09-10 18:49:24,456 - INFO - runworker - Running worker against channel layer default (asgi_amqp.core.AMQPChannelLayer)
2019-09-10 18:49:24,457 - INFO - worker - Listening on channels websocket.connect, websocket.disconnect, websocket.receive
2019-09-10 18:49:24,883 DEBUG    awx.main.tasks Waited 0.0013804435729980469 seconds to obtain lock name: cluster_policy_lock
2019-09-10 18:49:24,893 DEBUG    awx.main.tasks Total non-isolated instances:1 available for policy: 1
2019-09-10 18:49:24,894 DEBUG    awx.main.tasks Policy percentage, adding Instances [1] to Group tower
2019-09-10 18:49:24,896 DEBUG    awx.main.tasks Adding instances [1] to group tower
2019-09-10 18:49:24,903 DEBUG    awx.main.tasks Cluster policy computation finished in 0.018303632736206055 seconds
2019-09-10 18:49:24,907 DEBUG    awx.main.tasks Cluster node heartbeat task.
2019-09-10 18:49:24,945 DEBUG    awx.main.dispatch listening on ['awx_private_queue [direct]', 'awx [direct]', 'tower_broadcast_all_awx [fanout]']
2019-09-10 18:49:26,768 DEBUG    awx.main.dispatch delivered ebef4128-ac5b-461d-91fe-c246f15ea380 to worker[204] qsize 0
2019-09-10 18:49:26,817 DEBUG    awx.main.dispatch task ebef4128-ac5b-461d-91fe-c246f15ea380 starting awx.main.scheduler.tasks.run_task_manager(*[])
2019-09-10 18:49:26,830 DEBUG    awx.main.scheduler Running Tower task manager.
2019-09-10 18:49:26,883 DEBUG    awx.main.scheduler Starting Scheduler
2019-09-10 18:49:26,950 DEBUG    awx.main.scheduler Starting project_update 1 (pending) in group tower instance awx (remaining_capacity=4)
2019-09-10 18:49:26,989 DEBUG    awx.main.scheduler Submitting project_update 1 (waiting) to <instance group, instance> <1,awx>.
2019-09-10 18:49:27,019 DEBUG    awx.main.scheduler project_update 1 (waiting) consumed 1 capacity units from tower with prior total of 0
2019-09-10 18:49:27,095 DEBUG    awx.main.dispatch publish awx.main.tasks.RunProjectUpdate(82cb21f9-46ff-4869-9815-4b8229cd34e0, queue=awx)
2019-09-10 18:49:27,117 DEBUG    awx.main.dispatch delivered 82cb21f9-46ff-4869-9815-4b8229cd34e0 to worker[205] qsize 0
2019-09-10 18:49:27,122 DEBUG    awx.main.dispatch task ebef4128-ac5b-461d-91fe-c246f15ea380 is finished
2019-09-10 18:49:27,121 DEBUG    awx.main.dispatch task 82cb21f9-46ff-4869-9815-4b8229cd34e0 starting awx.main.tasks.RunProjectUpdate(*[1])
2019-09-10 18:49:42,376 INFO     awx.main.commands.run_callback_receiver Event processing is finished for Job 1, sending notifications
2019-09-10 18:49:42,376 INFO     awx.main.commands.run_callback_receiver Event processing is finished for Job 1, sending notifications
2019-09-10 18:49:42,476 DEBUG    awx.main.tasks project_update 1 (running) finished running, producing 59 events.
2019-09-10 18:49:42,560 DEBUG    awx.main.dispatch task 82cb21f9-46ff-4869-9815-4b8229cd34e0 starting awx.main.tasks.handle_work_success(*[])
2019-09-10 18:49:42,572 DEBUG    awx.main.dispatch publish awx.main.scheduler.tasks.run_task_manager(8397a4a0-1963-40eb-b6f3-b579e6a99d30, queue=awx_private_queue)
2019-09-10 18:49:42,603 DEBUG    awx.main.dispatch task 82cb21f9-46ff-4869-9815-4b8229cd34e0 is finished
2019-09-10 18:49:42,604 DEBUG    awx.main.dispatch delivered 8397a4a0-1963-40eb-b6f3-b579e6a99d30 to worker[204] qsize 0
2019-09-10 18:49:42,609 DEBUG    awx.main.dispatch task 8397a4a0-1963-40eb-b6f3-b579e6a99d30 starting awx.main.scheduler.tasks.run_task_manager(*[])
2019-09-10 18:49:42,613 DEBUG    awx.main.scheduler Running Tower task manager.
2019-09-10 18:49:42,624 DEBUG    awx.main.scheduler Starting Scheduler
2019-09-10 18:49:42,638 DEBUG    awx.main.dispatch task 8397a4a0-1963-40eb-b6f3-b579e6a99d30 is finished
2019-09-10 18:49:44,813 DEBUG    awx.main.dispatch publish awx.main.scheduler.tasks.run_task_manager(b6aa1257-46de-42be-8abe-936f79e127c0, queue=awx_private_queue)
[2019-09-10 18:49:44,813: DEBUG/Process-1] publish awx.main.scheduler.tasks.run_task_manager(b6aa1257-46de-42be-8abe-936f79e127c0, queue=awx_private_queue)
2019-09-10 18:49:44,843 DEBUG    awx.main.dispatch delivered b6aa1257-46de-42be-8abe-936f79e127c0 to worker[204] qsize 0
2019-09-10 18:49:44,846 DEBUG    awx.main.dispatch task b6aa1257-46de-42be-8abe-936f79e127c0 starting awx.main.scheduler.tasks.run_task_manager(*[])
2019-09-10 18:49:44,851 DEBUG    awx.main.scheduler Running Tower task manager.
2019-09-10 18:49:44,859 DEBUG    awx.main.scheduler Starting Scheduler
2019-09-10 18:49:44,874 DEBUG    awx.main.dispatch task b6aa1257-46de-42be-8abe-936f79e127c0 is finished
2019-09-10 18:49:54,770 DEBUG    awx.main.dispatch publish awx.main.tasks.awx_periodic_scheduler(5964eb1b-4725-457e-aa89-d5676d4db28d, queue=awx_private_queue)
[2019-09-10 18:49:54,770: DEBUG/Process-1] publish awx.main.tasks.awx_periodic_scheduler(5964eb1b-4725-457e-aa89-d5676d4db28d, queue=awx_private_queue)
2019-09-10 18:49:54,891 DEBUG    awx.main.dispatch delivered 5964eb1b-4725-457e-aa89-d5676d4db28d to worker[206] qsize 0
2019-09-10 18:49:54,894 DEBUG    awx.main.dispatch task 5964eb1b-4725-457e-aa89-d5676d4db28d starting awx.main.tasks.awx_periodic_scheduler(*[])
2019-09-10 18:49:54,910 DEBUG    awx.main.tasks Starting periodic scheduler
2019-09-10 18:49:54,948 DEBUG    awx.main.tasks Last scheduler run was: 2019-09-10 18:49:54.929959+00:00
2019-09-10 18:49:54,970 DEBUG    awx.main.dispatch task 5964eb1b-4725-457e-aa89-d5676d4db28d is finished
No previous hash foundRESULT 2
OKREADY
2019-09-10 18:50:04,780 DEBUG    awx.main.dispatch publish awx.main.scheduler.tasks.run_task_manager(44b51ca8-152a-42b1-b82a-429f442ff42e, queue=awx_private_queue)
[2019-09-10 18:50:04,780: DEBUG/Process-1] publish awx.main.scheduler.tasks.run_task_manager(44b51ca8-152a-42b1-b82a-429f442ff42e, queue=awx_private_queue)
2019-09-10 18:50:04,832 DEBUG    awx.main.dispatch delivered 44b51ca8-152a-42b1-b82a-429f442ff42e to worker[204] qsize 0
2019-09-10 18:50:04,839 DEBUG    awx.main.dispatch task 44b51ca8-152a-42b1-b82a-429f442ff42e starting awx.main.scheduler.tasks.run_task_manager(*[])
2019-09-10 18:50:04,844 DEBUG    awx.main.scheduler Running Tower task manager.
2019-09-10 18:50:04,866 DEBUG    awx.main.scheduler Starting Scheduler
2019-09-10 18:50:04,878 DEBUG    awx.main.dispatch task 44b51ca8-152a-42b1-b82a-429f442ff42e is finished
2019-09-10 18:50:24,778 DEBUG    awx.main.dispatch publish awx.main.tasks.cluster_node_heartbeat(7e77d9a4-f277-4c95-8317-0eb44f40ddab, queue=awx)
[2019-09-10 18:50:24,778: DEBUG/Process-1] publish awx.main.tasks.cluster_node_heartbeat(7e77d9a4-f277-4c95-8317-0eb44f40ddab, queue=awx)
2019-09-10 18:50:24,956 DEBUG    awx.main.dispatch publish awx.main.scheduler.tasks.run_task_manager(c99023a3-c93e-4002-a95c-6ebc4d4d6e41, queue=awx_private_queue)
[2019-09-10 18:50:24,956: DEBUG/Process-1] publish awx.main.scheduler.tasks.run_task_manager(c99023a3-c93e-4002-a95c-6ebc4d4d6e41, queue=awx_private_queue)
2019-09-10 18:50:24,973 DEBUG    awx.main.dispatch delivered 7e77d9a4-f277-4c95-8317-0eb44f40ddab to worker[207] qsize 0
2019-09-10 18:50:24,979 DEBUG    awx.main.dispatch delivered c99023a3-c93e-4002-a95c-6ebc4d4d6e41 to worker[205] qsize 0
2019-09-10 18:50:24,981 DEBUG    awx.main.dispatch publish awx.main.tasks.awx_periodic_scheduler(0a4cdc0c-8628-4543-a8ed-fb95737dd2c0, queue=awx_private_queue)
[2019-09-10 18:50:24,981: DEBUG/Process-1] publish awx.main.tasks.awx_periodic_scheduler(0a4cdc0c-8628-4543-a8ed-fb95737dd2c0, queue=awx_private_queue)
2019-09-10 18:50:24,984 DEBUG    awx.main.dispatch task c99023a3-c93e-4002-a95c-6ebc4d4d6e41 starting awx.main.scheduler.tasks.run_task_manager(*[])
2019-09-10 18:50:25,004 DEBUG    awx.main.scheduler Running Tower task manager.
2019-09-10 18:50:24,982 DEBUG    awx.main.dispatch task 7e77d9a4-f277-4c95-8317-0eb44f40ddab starting awx.main.tasks.cluster_node_heartbeat(*[])
2019-09-10 18:50:25,007 DEBUG    awx.main.tasks Cluster node heartbeat task.
2019-09-10 18:50:25,020 DEBUG    awx.main.dispatch delivered 0a4cdc0c-8628-4543-a8ed-fb95737dd2c0 to worker[206] qsize 0
2019-09-10 18:50:25,037 DEBUG    awx.main.scheduler Starting Scheduler
2019-09-10 18:50:25,033 DEBUG    awx.main.dispatch task 0a4cdc0c-8628-4543-a8ed-fb95737dd2c0 starting awx.main.tasks.awx_periodic_scheduler(*[])
2019-09-10 18:50:25,059 DEBUG    awx.main.tasks Starting periodic scheduler
2019-09-10 18:50:25,066 DEBUG    awx.main.tasks Last scheduler run was: 2019-09-10 18:49:54.912395+00:00
2019-09-10 18:50:25,096 DEBUG    awx.main.dispatch task 7e77d9a4-f277-4c95-8317-0eb44f40ddab is finished
2019-09-10 18:50:25,099 DEBUG    awx.main.dispatch task 0a4cdc0c-8628-4543-a8ed-fb95737dd2c0 is finished
2019-09-10 18:50:25,100 DEBUG    awx.main.dispatch task c99023a3-c93e-4002-a95c-6ebc4d4d6e41 is finished
2019-09-10 18:50:44,955 DEBUG    awx.main.dispatch publish awx.main.scheduler.tasks.run_task_manager(7f9f5048-b73a-47d4-84d9-46ff1e3cf464, queue=awx_private_queue)
[2019-09-10 18:50:44,955: DEBUG/Process-1] publish awx.main.scheduler.tasks.run_task_manager(7f9f5048-b73a-47d4-84d9-46ff1e3cf464, queue=awx_private_queue)
2019-09-10 18:50:44,967 DEBUG    awx.main.dispatch delivered 7f9f5048-b73a-47d4-84d9-46ff1e3cf464 to worker[207] qsize 0
2019-09-10 18:50:44,978 DEBUG    awx.main.dispatch task 7f9f5048-b73a-47d4-84d9-46ff1e3cf464 starting awx.main.scheduler.tasks.run_task_manager(*[])
2019-09-10 18:50:44,981 DEBUG    awx.main.scheduler Running Tower task manager.
2019-09-10 18:50:44,995 DEBUG    awx.main.scheduler Starting Scheduler
2019-09-10 18:50:45,028 DEBUG    awx.main.dispatch task 7f9f5048-b73a-47d4-84d9-46ff1e3cf464 is finished
2019-09-10 18:50:54,982 DEBUG    awx.main.dispatch publish awx.main.tasks.awx_periodic_scheduler(d4940bd9-ae54-462c-9f83-c46b7d660085, queue=awx_private_queue)
[2019-09-10 18:50:54,982: DEBUG/Process-1] publish awx.main.tasks.awx_periodic_scheduler(d4940bd9-ae54-462c-9f83-c46b7d660085, queue=awx_private_queue)
2019-09-10 18:50:54,996 DEBUG    awx.main.dispatch delivered d4940bd9-ae54-462c-9f83-c46b7d660085 to worker[206] qsize 0
2019-09-10 18:50:55,000 DEBUG    awx.main.dispatch task d4940bd9-ae54-462c-9f83-c46b7d660085 starting awx.main.tasks.awx_periodic_scheduler(*[])
2019-09-10 18:50:55,009 DEBUG    awx.main.tasks Starting periodic scheduler
2019-09-10 18:50:55,011 DEBUG    awx.main.tasks Last scheduler run was: 2019-09-10 18:50:25.062985+00:00
2019-09-10 18:50:55,020 DEBUG    awx.main.dispatch task d4940bd9-ae54-462c-9f83-c46b7d660085 is finished
RESULT 2
OKREADY
2019-09-10 18:51:04,956 DEBUG    awx.main.dispatch publish awx.main.scheduler.tasks.run_task_manager(d106c307-bf97-4b47-b830-4189ce74fb6a, queue=awx_private_queue)
[2019-09-10 18:51:04,956: DEBUG/Process-1] publish awx.main.scheduler.tasks.run_task_manager(d106c307-bf97-4b47-b830-4189ce74fb6a, queue=awx_private_queue)
2019-09-10 18:51:04,970 DEBUG    awx.main.dispatch delivered d106c307-bf97-4b47-b830-4189ce74fb6a to worker[205] qsize 0
2019-09-10 18:51:04,974 DEBUG    awx.main.dispatch task d106c307-bf97-4b47-b830-4189ce74fb6a starting awx.main.scheduler.tasks.run_task_manager(*[])
2019-09-10 18:51:04,977 DEBUG    awx.main.scheduler Running Tower task manager.
2019-09-10 18:51:04,987 DEBUG    awx.main.scheduler Starting Scheduler
2019-09-10 18:51:05,002 DEBUG    awx.main.dispatch task d106c307-bf97-4b47-b830-4189ce74fb6a is finished
2019-09-10 18:51:24,776 DEBUG    awx.main.dispatch publish awx.main.tasks.cluster_node_heartbeat(f65ab715-49d9-4365-85c9-38e7ec46ec56, queue=awx)
[2019-09-10 18:51:24,776: DEBUG/Process-1] publish awx.main.tasks.cluster_node_heartbeat(f65ab715-49d9-4365-85c9-38e7ec46ec56, queue=awx)
2019-09-10 18:51:24,896 DEBUG    awx.main.dispatch delivered f65ab715-49d9-4365-85c9-38e7ec46ec56 to worker[207] qsize 0
2019-09-10 18:51:24,898 DEBUG    awx.main.dispatch task f65ab715-49d9-4365-85c9-38e7ec46ec56 starting awx.main.tasks.cluster_node_heartbeat(*[])
2019-09-10 18:51:24,902 DEBUG    awx.main.tasks Cluster node heartbeat task.
2019-09-10 18:51:24,911 DEBUG    awx.main.dispatch task f65ab715-49d9-4365-85c9-38e7ec46ec56 is finished
2019-09-10 18:51:24,956 DEBUG    awx.main.dispatch publish awx.main.scheduler.tasks.run_task_manager(bdb5f3e0-ae40-402c-8cfd-82791b93308a, queue=awx_private_queue)
[2019-09-10 18:51:24,956: DEBUG/Process-1] publish awx.main.scheduler.tasks.run_task_manager(bdb5f3e0-ae40-402c-8cfd-82791b93308a, queue=awx_private_queue)
2019-09-10 18:51:24,969 DEBUG    awx.main.dispatch delivered bdb5f3e0-ae40-402c-8cfd-82791b93308a to worker[206] qsize 0
2019-09-10 18:51:24,976 DEBUG    awx.main.dispatch task bdb5f3e0-ae40-402c-8cfd-82791b93308a starting awx.main.scheduler.tasks.run_task_manager(*[])
2019-09-10 18:51:24,983 DEBUG    awx.main.scheduler Running Tower task manager.
2019-09-10 18:51:24,982 DEBUG    awx.main.dispatch publish awx.main.tasks.awx_periodic_scheduler(0abfe62e-355e-4323-80b3-b4ab81f05457, queue=awx_private_queue)
[2019-09-10 18:51:24,982: DEBUG/Process-1] publish awx.main.tasks.awx_periodic_scheduler(0abfe62e-355e-4323-80b3-b4ab81f05457, queue=awx_private_queue)
2019-09-10 18:51:24,999 DEBUG    awx.main.dispatch delivered 0abfe62e-355e-4323-80b3-b4ab81f05457 to worker[204] qsize 0
2019-09-10 18:51:25,004 DEBUG    awx.main.scheduler Starting Scheduler
2019-09-10 18:51:25,005 DEBUG    awx.main.dispatch task 0abfe62e-355e-4323-80b3-b4ab81f05457 starting awx.main.tasks.awx_periodic_scheduler(*[])
2019-09-10 18:51:25,017 DEBUG    awx.main.tasks Starting periodic scheduler
2019-09-10 18:51:25,023 DEBUG    awx.main.tasks Last scheduler run was: 2019-09-10 18:50:55.009942+00:00
2019-09-10 18:51:25,044 DEBUG    awx.main.dispatch task 0abfe62e-355e-4323-80b3-b4ab81f05457 is finished
2019-09-10 18:51:25,051 DEBUG    awx.main.dispatch task bdb5f3e0-ae40-402c-8cfd-82791b93308a is finished
2019-09-10 18:51:44,966 DEBUG    awx.main.dispatch publish awx.main.scheduler.tasks.run_task_manager(4d3812c5-84e3-46f1-90ff-e852bb96a3d9, queue=awx_private_queue)
[2019-09-10 18:51:44,966: DEBUG/Process-1] publish awx.main.scheduler.tasks.run_task_manager(4d3812c5-84e3-46f1-90ff-e852bb96a3d9, queue=awx_private_queue)
2019-09-10 18:51:44,979 DEBUG    awx.main.dispatch delivered 4d3812c5-84e3-46f1-90ff-e852bb96a3d9 to worker[205] qsize 0
2019-09-10 18:51:44,982 DEBUG    awx.main.dispatch task 4d3812c5-84e3-46f1-90ff-e852bb96a3d9 starting awx.main.scheduler.tasks.run_task_manager(*[])
2019-09-10 18:51:44,987 DEBUG    awx.main.scheduler Running Tower task manager.
2019-09-10 18:51:44,995 DEBUG    awx.main.scheduler Starting Scheduler
2019-09-10 18:51:45,010 DEBUG    awx.main.dispatch task 4d3812c5-84e3-46f1-90ff-e852bb96a3d9 is finished
2019-09-10 18:51:54,983 DEBUG    awx.main.dispatch publish awx.main.tasks.awx_periodic_scheduler(68e5ca0b-35e4-4a4c-a099-8f7df8547f1e, queue=awx_private_queue)
[2019-09-10 18:51:54,983: DEBUG/Process-1] publish awx.main.tasks.awx_periodic_scheduler(68e5ca0b-35e4-4a4c-a099-8f7df8547f1e, queue=awx_private_queue)
2019-09-10 18:51:54,997 DEBUG    awx.main.dispatch delivered 68e5ca0b-35e4-4a4c-a099-8f7df8547f1e to worker[207] qsize 0
2019-09-10 18:51:55,000 DEBUG    awx.main.dispatch task 68e5ca0b-35e4-4a4c-a099-8f7df8547f1e starting awx.main.tasks.awx_periodic_scheduler(*[])
2019-09-10 18:51:55,009 DEBUG    awx.main.tasks Starting periodic scheduler
2019-09-10 18:51:55,011 DEBUG    awx.main.tasks Last scheduler run was: 2019-09-10 18:51:25.020714+00:00
2019-09-10 18:51:55,022 DEBUG    awx.main.dispatch task 68e5ca0b-35e4-4a4c-a099-8f7df8547f1e is finished
RESULT 2
OKREADY
2019-09-10 18:52:04,966 DEBUG    awx.main.dispatch publish awx.main.scheduler.tasks.run_task_manager(1cac0324-a1f6-49fd-a128-039812e0115f, queue=awx_private_queue)
[2019-09-10 18:52:04,966: DEBUG/Process-1] publish awx.main.scheduler.tasks.run_task_manager(1cac0324-a1f6-49fd-a128-039812e0115f, queue=awx_private_queue)
2019-09-10 18:52:04,978 DEBUG    awx.main.dispatch delivered 1cac0324-a1f6-49fd-a128-039812e0115f to worker[207] qsize 0
2019-09-10 18:52:04,981 DEBUG    awx.main.dispatch task 1cac0324-a1f6-49fd-a128-039812e0115f starting awx.main.scheduler.tasks.run_task_manager(*[])
2019-09-10 18:52:04,985 DEBUG    awx.main.scheduler Running Tower task manager.
2019-09-10 18:52:04,995 DEBUG    awx.main.scheduler Starting Scheduler
2019-09-10 18:52:05,020 DEBUG    awx.main.dispatch task 1cac0324-a1f6-49fd-a128-039812e0115f is finished
2019-09-10 18:52:24,785 DEBUG    awx.main.dispatch publish awx.main.tasks.cluster_node_heartbeat(f3db5eb2-efb5-40e1-87dc-cf6f083455f7, queue=awx)
[2019-09-10 18:52:24,785: DEBUG/Process-1] publish awx.main.tasks.cluster_node_heartbeat(f3db5eb2-efb5-40e1-87dc-cf6f083455f7, queue=awx)
2019-09-10 18:52:24,917 DEBUG    awx.main.dispatch delivered f3db5eb2-efb5-40e1-87dc-cf6f083455f7 to worker[205] qsize 0
2019-09-10 18:52:24,920 DEBUG    awx.main.dispatch task f3db5eb2-efb5-40e1-87dc-cf6f083455f7 starting awx.main.tasks.cluster_node_heartbeat(*[])
2019-09-10 18:52:24,923 DEBUG    awx.main.tasks Cluster node heartbeat task.
2019-09-10 18:52:24,936 DEBUG    awx.main.dispatch task f3db5eb2-efb5-40e1-87dc-cf6f083455f7 is finished
2019-09-10 18:52:24,966 DEBUG    awx.main.dispatch publish awx.main.scheduler.tasks.run_task_manager(924c7d4a-a89e-4d4d-a33a-8d0fa85df682, queue=awx_private_queue)
[2019-09-10 18:52:24,966: DEBUG/Process-1] publish awx.main.scheduler.tasks.run_task_manager(924c7d4a-a89e-4d4d-a33a-8d0fa85df682, queue=awx_private_queue)
2019-09-10 18:52:24,977 DEBUG    awx.main.dispatch delivered 924c7d4a-a89e-4d4d-a33a-8d0fa85df682 to worker[204] qsize 0
2019-09-10 18:52:24,982 DEBUG    awx.main.dispatch publish awx.main.tasks.awx_periodic_scheduler(8284a5bf-e79d-4d6a-978f-fb57eeecb397, queue=awx_private_queue)
2019-09-10 18:52:24,984 DEBUG    awx.main.dispatch task 924c7d4a-a89e-4d4d-a33a-8d0fa85df682 starting awx.main.scheduler.tasks.run_task_manager(*[])
[2019-09-10 18:52:24,982: DEBUG/Process-1] publish awx.main.tasks.awx_periodic_scheduler(8284a5bf-e79d-4d6a-978f-fb57eeecb397, queue=awx_private_queue)
2019-09-10 18:52:24,992 DEBUG    awx.main.scheduler Running Tower task manager.
2019-09-10 18:52:25,004 DEBUG    awx.main.dispatch delivered 8284a5bf-e79d-4d6a-978f-fb57eeecb397 to worker[207] qsize 0
2019-09-10 18:52:25,009 DEBUG    awx.main.scheduler Starting Scheduler
2019-09-10 18:52:25,010 DEBUG    awx.main.dispatch task 8284a5bf-e79d-4d6a-978f-fb57eeecb397 starting awx.main.tasks.awx_periodic_scheduler(*[])
2019-09-10 18:52:25,029 DEBUG    awx.main.dispatch task 924c7d4a-a89e-4d4d-a33a-8d0fa85df682 is finished
2019-09-10 18:52:25,032 DEBUG    awx.main.tasks Starting periodic scheduler
2019-09-10 18:52:25,034 DEBUG    awx.main.tasks Last scheduler run was: 2019-09-10 18:51:55.010239+00:00
2019-09-10 18:52:25,040 DEBUG    awx.main.dispatch task 8284a5bf-e79d-4d6a-978f-fb57eeecb397 is finished
2019-09-10 18:52:44,980 DEBUG    awx.main.dispatch publish awx.main.scheduler.tasks.run_task_manager(87a877f2-42fb-4051-b20a-e830f0b5d075, queue=awx_private_queue)
[2019-09-10 18:52:44,980: DEBUG/Process-1] publish awx.main.scheduler.tasks.run_task_manager(87a877f2-42fb-4051-b20a-e830f0b5d075, queue=awx_private_queue)
2019-09-10 18:52:44,993 DEBUG    awx.main.dispatch delivered 87a877f2-42fb-4051-b20a-e830f0b5d075 to worker[205] qsize 0
2019-09-10 18:52:44,997 DEBUG    awx.main.dispatch task 87a877f2-42fb-4051-b20a-e830f0b5d075 starting awx.main.scheduler.tasks.run_task_manager(*[])
2019-09-10 18:52:45,001 DEBUG    awx.main.scheduler Running Tower task manager.
2019-09-10 18:52:45,010 DEBUG    awx.main.scheduler Starting Scheduler
2019-09-10 18:52:45,024 DEBUG    awx.main.dispatch task 87a877f2-42fb-4051-b20a-e830f0b5d075 is finished
2019-09-10 18:52:54,982 DEBUG    awx.main.dispatch publish awx.main.tasks.awx_periodic_scheduler(52b93314-972c-497f-a359-1d5aa39c7271, queue=awx_private_queue)
[2019-09-10 18:52:54,982: DEBUG/Process-1] publish awx.main.tasks.awx_periodic_scheduler(52b93314-972c-497f-a359-1d5aa39c7271, queue=awx_private_queue)
2019-09-10 18:52:54,994 DEBUG    awx.main.dispatch delivered 52b93314-972c-497f-a359-1d5aa39c7271 to worker[205] qsize 0
2019-09-10 18:52:54,998 DEBUG    awx.main.dispatch task 52b93314-972c-497f-a359-1d5aa39c7271 starting awx.main.tasks.awx_periodic_scheduler(*[])
2019-09-10 18:52:55,005 DEBUG    awx.main.tasks Starting periodic scheduler
2019-09-10 18:52:55,007 DEBUG    awx.main.tasks Last scheduler run was: 2019-09-10 18:52:25.033352+00:00
2019-09-10 18:52:55,015 DEBUG    awx.main.dispatch task 52b93314-972c-497f-a359-1d5aa39c7271 is finished
RESULT 2
OKREADY
2019-09-10 18:53:04,980 DEBUG    awx.main.dispatch publish awx.main.scheduler.tasks.run_task_manager(2d47db3d-7646-436f-8d78-404345d9865d, queue=awx_private_queue)
[2019-09-10 18:53:04,980: DEBUG/Process-1] publish awx.main.scheduler.tasks.run_task_manager(2d47db3d-7646-436f-8d78-404345d9865d, queue=awx_private_queue)
2019-09-10 18:53:04,998 DEBUG    awx.main.dispatch delivered 2d47db3d-7646-436f-8d78-404345d9865d to worker[205] qsize 0
2019-09-10 18:53:05,004 DEBUG    awx.main.dispatch task 2d47db3d-7646-436f-8d78-404345d9865d starting awx.main.scheduler.tasks.run_task_manager(*[])
2019-09-10 18:53:05,010 DEBUG    awx.main.scheduler Running Tower task manager.
2019-09-10 18:53:05,018 DEBUG    awx.main.scheduler Starting Scheduler
2019-09-10 18:53:05,031 DEBUG    awx.main.dispatch task 2d47db3d-7646-436f-8d78-404345d9865d is finished
2019-09-10 18:53:24,795 DEBUG    awx.main.dispatch publish awx.main.tasks.cluster_node_heartbeat(beeb6dae-5a1b-467c-adfb-0008c34561ff, queue=awx)
[2019-09-10 18:53:24,795: DEBUG/Process-1] publish awx.main.tasks.cluster_node_heartbeat(beeb6dae-5a1b-467c-adfb-0008c34561ff, queue=awx)
2019-09-10 18:53:24,909 DEBUG    awx.main.dispatch delivered beeb6dae-5a1b-467c-adfb-0008c34561ff to worker[205] qsize 0
2019-09-10 18:53:24,910 DEBUG    awx.main.dispatch task beeb6dae-5a1b-467c-adfb-0008c34561ff starting awx.main.tasks.cluster_node_heartbeat(*[])
2019-09-10 18:53:24,914 DEBUG    awx.main.tasks Cluster node heartbeat task.
2019-09-10 18:53:24,923 DEBUG    awx.main.dispatch task beeb6dae-5a1b-467c-adfb-0008c34561ff is finished
2019-09-10 18:53:24,984 DEBUG    awx.main.dispatch publish awx.main.tasks.awx_periodic_scheduler(7717414b-4a85-482f-ac68-e76b20880a3f, queue=awx_private_queue)
[2019-09-10 18:53:24,984: DEBUG/Process-1] publish awx.main.tasks.awx_periodic_scheduler(7717414b-4a85-482f-ac68-e76b20880a3f, queue=awx_private_queue)
2019-09-10 18:53:24,996 DEBUG    awx.main.dispatch delivered 7717414b-4a85-482f-ac68-e76b20880a3f to worker[206] qsize 0
2019-09-10 18:53:24,999 DEBUG    awx.main.dispatch publish awx.main.scheduler.tasks.run_task_manager(c71ec02e-ac6a-4213-9b5a-516f1b49b809, queue=awx_private_queue)
[2019-09-10 18:53:24,999: DEBUG/Process-1] publish awx.main.scheduler.tasks.run_task_manager(c71ec02e-ac6a-4213-9b5a-516f1b49b809, queue=awx_private_queue)
2019-09-10 18:53:25,000 DEBUG    awx.main.dispatch task 7717414b-4a85-482f-ac68-e76b20880a3f starting awx.main.tasks.awx_periodic_scheduler(*[])
2019-09-10 18:53:25,017 DEBUG    awx.main.tasks Starting periodic scheduler
2019-09-10 18:53:25,021 DEBUG    awx.main.tasks Last scheduler run was: 2019-09-10 18:52:55.005965+00:00
2019-09-10 18:53:25,018 DEBUG    awx.main.dispatch delivered c71ec02e-ac6a-4213-9b5a-516f1b49b809 to worker[207] qsize 0
2019-09-10 18:53:25,025 DEBUG    awx.main.dispatch task c71ec02e-ac6a-4213-9b5a-516f1b49b809 starting awx.main.scheduler.tasks.run_task_manager(*[])
2019-09-10 18:53:25,030 DEBUG    awx.main.scheduler Running Tower task manager.
2019-09-10 18:53:25,034 DEBUG    awx.main.dispatch task 7717414b-4a85-482f-ac68-e76b20880a3f is finished
2019-09-10 18:53:25,042 DEBUG    awx.main.scheduler Starting Scheduler
2019-09-10 18:53:25,056 DEBUG    awx.main.dispatch task c71ec02e-ac6a-4213-9b5a-516f1b49b809 is finished
2019-09-10 18:53:45,006 DEBUG    awx.main.dispatch publish awx.main.scheduler.tasks.run_task_manager(3c0fbdcc-6602-47bb-be05-d1069e8c6a7a, queue=awx_private_queue)
[2019-09-10 18:53:45,006: DEBUG/Process-1] publish awx.main.scheduler.tasks.run_task_manager(3c0fbdcc-6602-47bb-be05-d1069e8c6a7a, queue=awx_private_queue)
2019-09-10 18:53:45,017 DEBUG    awx.main.dispatch delivered 3c0fbdcc-6602-47bb-be05-d1069e8c6a7a to worker[204] qsize 0
2019-09-10 18:53:45,020 DEBUG    awx.main.dispatch task 3c0fbdcc-6602-47bb-be05-d1069e8c6a7a starting awx.main.scheduler.tasks.run_task_manager(*[])
2019-09-10 18:53:45,024 DEBUG    awx.main.scheduler Running Tower task manager.
2019-09-10 18:53:45,035 DEBUG    awx.main.scheduler Starting Scheduler
2019-09-10 18:53:45,052 DEBUG    awx.main.dispatch task 3c0fbdcc-6602-47bb-be05-d1069e8c6a7a is finished
2019-09-10 18:53:54,983 DEBUG    awx.main.dispatch publish awx.main.tasks.awx_periodic_scheduler(2fdcce34-5412-452c-a04b-c6e791c6b4b6, queue=awx_private_queue)
[2019-09-10 18:53:54,983: DEBUG/Process-1] publish awx.main.tasks.awx_periodic_scheduler(2fdcce34-5412-452c-a04b-c6e791c6b4b6, queue=awx_private_queue)
2019-09-10 18:53:54,994 DEBUG    awx.main.dispatch delivered 2fdcce34-5412-452c-a04b-c6e791c6b4b6 to worker[206] qsize 0
2019-09-10 18:53:54,997 DEBUG    awx.main.dispatch task 2fdcce34-5412-452c-a04b-c6e791c6b4b6 starting awx.main.tasks.awx_periodic_scheduler(*[])
2019-09-10 18:53:55,005 DEBUG    awx.main.tasks Starting periodic scheduler
2019-09-10 18:53:55,008 DEBUG    awx.main.tasks Last scheduler run was: 2019-09-10 18:53:25.019514+00:00
2019-09-10 18:53:55,014 DEBUG    awx.main.dispatch task 2fdcce34-5412-452c-a04b-c6e791c6b4b6 is finished
RESULT 2
OKREADY
2019-09-10 18:54:05,006 DEBUG    awx.main.dispatch publish awx.main.scheduler.tasks.run_task_manager(c9e2e592-f6fa-4b34-b82c-5b15221fd76a, queue=awx_private_queue)
[2019-09-10 18:54:05,006: DEBUG/Process-1] publish awx.main.scheduler.tasks.run_task_manager(c9e2e592-f6fa-4b34-b82c-5b15221fd76a, queue=awx_private_queue)
2019-09-10 18:54:05,016 DEBUG    awx.main.dispatch delivered c9e2e592-f6fa-4b34-b82c-5b15221fd76a to worker[205] qsize 0
2019-09-10 18:54:05,019 DEBUG    awx.main.dispatch task c9e2e592-f6fa-4b34-b82c-5b15221fd76a starting awx.main.scheduler.tasks.run_task_manager(*[])
2019-09-10 18:54:05,023 DEBUG    awx.main.scheduler Running Tower task manager.
2019-09-10 18:54:05,031 DEBUG    awx.main.scheduler Starting Scheduler
2019-09-10 18:54:05,046 DEBUG    awx.main.dispatch task c9e2e592-f6fa-4b34-b82c-5b15221fd76a is finished
2019-09-10 18:54:24,798 DEBUG    awx.main.dispatch publish awx.main.tasks.cluster_node_heartbeat(791a15bd-7ad0-4d93-8cc8-aab69ffbc19f, queue=awx)
[2019-09-10 18:54:24,798: DEBUG/Process-1] publish awx.main.tasks.cluster_node_heartbeat(791a15bd-7ad0-4d93-8cc8-aab69ffbc19f, queue=awx)
2019-09-10 18:54:24,913 DEBUG    awx.main.dispatch delivered 791a15bd-7ad0-4d93-8cc8-aab69ffbc19f to worker[207] qsize 0
2019-09-10 18:54:24,915 DEBUG    awx.main.dispatch task 791a15bd-7ad0-4d93-8cc8-aab69ffbc19f starting awx.main.tasks.cluster_node_heartbeat(*[])
2019-09-10 18:54:24,918 DEBUG    awx.main.tasks Cluster node heartbeat task.
2019-09-10 18:54:24,930 DEBUG    awx.main.dispatch task 791a15bd-7ad0-4d93-8cc8-aab69ffbc19f is finished
2019-09-10 18:54:24,983 DEBUG    awx.main.dispatch publish awx.main.tasks.awx_periodic_scheduler(ea57c455-ab60-4a78-9d9d-417bfcdb8ee6, queue=awx_private_queue)
[2019-09-10 18:54:24,983: DEBUG/Process-1] publish awx.main.tasks.awx_periodic_scheduler(ea57c455-ab60-4a78-9d9d-417bfcdb8ee6, queue=awx_private_queue)
2019-09-10 18:54:24,999 DEBUG    awx.main.dispatch delivered ea57c455-ab60-4a78-9d9d-417bfcdb8ee6 to worker[207] qsize 0
2019-09-10 18:54:25,006 DEBUG    awx.main.dispatch task ea57c455-ab60-4a78-9d9d-417bfcdb8ee6 starting awx.main.tasks.awx_periodic_scheduler(*[])
2019-09-10 18:54:25,006 DEBUG    awx.main.dispatch publish awx.main.scheduler.tasks.run_task_manager(8c30d448-3c61-4cba-abac-a6d4b7f73f42, queue=awx_private_queue)
[2019-09-10 18:54:25,006: DEBUG/Process-1] publish awx.main.scheduler.tasks.run_task_manager(8c30d448-3c61-4cba-abac-a6d4b7f73f42, queue=awx_private_queue)
2019-09-10 18:54:25,022 DEBUG    awx.main.tasks Starting periodic scheduler
2019-09-10 18:54:25,026 DEBUG    awx.main.tasks Last scheduler run was: 2019-09-10 18:53:55.006626+00:00
2019-09-10 18:54:25,023 DEBUG    awx.main.dispatch delivered 8c30d448-3c61-4cba-abac-a6d4b7f73f42 to worker[206] qsize 0
2019-09-10 18:54:25,029 DEBUG    awx.main.dispatch task 8c30d448-3c61-4cba-abac-a6d4b7f73f42 starting awx.main.scheduler.tasks.run_task_manager(*[])
2019-09-10 18:54:25,036 DEBUG    awx.main.scheduler Running Tower task manager.
2019-09-10 18:54:25,041 DEBUG    awx.main.dispatch task ea57c455-ab60-4a78-9d9d-417bfcdb8ee6 is finished
2019-09-10 18:54:25,048 DEBUG    awx.main.scheduler Starting Scheduler
2019-09-10 18:54:25,062 DEBUG    awx.main.dispatch task 8c30d448-3c61-4cba-abac-a6d4b7f73f42 is finished
2019-09-10 18:54:45,018 DEBUG    awx.main.dispatch publish awx.main.scheduler.tasks.run_task_manager(cca0eca6-279f-427d-adfe-6aef8627de8b, queue=awx_private_queue)
[2019-09-10 18:54:45,018: DEBUG/Process-1] publish awx.main.scheduler.tasks.run_task_manager(cca0eca6-279f-427d-adfe-6aef8627de8b, queue=awx_private_queue)
2019-09-10 18:54:45,030 DEBUG    awx.main.dispatch delivered cca0eca6-279f-427d-adfe-6aef8627de8b to worker[204] qsize 0
2019-09-10 18:54:45,033 DEBUG    awx.main.dispatch task cca0eca6-279f-427d-adfe-6aef8627de8b starting awx.main.scheduler.tasks.run_task_manager(*[])
2019-09-10 18:54:45,037 DEBUG    awx.main.scheduler Running Tower task manager.
2019-09-10 18:54:45,048 DEBUG    awx.main.scheduler Starting Scheduler
2019-09-10 18:54:45,063 DEBUG    awx.main.dispatch task cca0eca6-279f-427d-adfe-6aef8627de8b is finished
2019-09-10 18:54:54,983 DEBUG    awx.main.dispatch publish awx.main.tasks.awx_periodic_scheduler(9ae3796f-3cf3-447a-8c14-e5ade1022002, queue=awx_private_queue)
[2019-09-10 18:54:54,983: DEBUG/Process-1] publish awx.main.tasks.awx_periodic_scheduler(9ae3796f-3cf3-447a-8c14-e5ade1022002, queue=awx_private_queue)
2019-09-10 18:54:54,996 DEBUG    awx.main.dispatch delivered 9ae3796f-3cf3-447a-8c14-e5ade1022002 to worker[205] qsize 0
2019-09-10 18:54:54,999 DEBUG    awx.main.dispatch task 9ae3796f-3cf3-447a-8c14-e5ade1022002 starting awx.main.tasks.awx_periodic_scheduler(*[])
2019-09-10 18:54:55,006 DEBUG    awx.main.tasks Starting periodic scheduler
2019-09-10 18:54:55,009 DEBUG    awx.main.tasks Last scheduler run was: 2019-09-10 18:54:25.024141+00:00
2019-09-10 18:54:55,016 DEBUG    awx.main.dispatch task 9ae3796f-3cf3-447a-8c14-e5ade1022002 is finished
RESULT 2
OKREADY
2019-09-10 18:55:05,017 DEBUG    awx.main.dispatch publish awx.main.scheduler.tasks.run_task_manager(d3faf4db-9e09-4c5e-9c75-84aa1b2b34fd, queue=awx_private_queue)
[2019-09-10 18:55:05,017: DEBUG/Process-1] publish awx.main.scheduler.tasks.run_task_manager(d3faf4db-9e09-4c5e-9c75-84aa1b2b34fd, queue=awx_private_queue)
2019-09-10 18:55:05,029 DEBUG    awx.main.dispatch delivered d3faf4db-9e09-4c5e-9c75-84aa1b2b34fd to worker[207] qsize 0
2019-09-10 18:55:05,032 DEBUG    awx.main.dispatch task d3faf4db-9e09-4c5e-9c75-84aa1b2b34fd starting awx.main.scheduler.tasks.run_task_manager(*[])
2019-09-10 18:55:05,035 DEBUG    awx.main.scheduler Running Tower task manager.
2019-09-10 18:55:05,042 DEBUG    awx.main.scheduler Starting Scheduler
2019-09-10 18:55:05,055 DEBUG    awx.main.dispatch task d3faf4db-9e09-4c5e-9c75-84aa1b2b34fd is finished
2019-09-10 18:55:24,800 DEBUG    awx.main.dispatch publish awx.main.tasks.cluster_node_heartbeat(e3f89b19-8a8c-4f4d-97ae-79a0e7a5c677, queue=awx)
[2019-09-10 18:55:24,800: DEBUG/Process-1] publish awx.main.tasks.cluster_node_heartbeat(e3f89b19-8a8c-4f4d-97ae-79a0e7a5c677, queue=awx)
2019-09-10 18:55:24,924 DEBUG    awx.main.dispatch delivered e3f89b19-8a8c-4f4d-97ae-79a0e7a5c677 to worker[205] qsize 0
2019-09-10 18:55:24,926 DEBUG    awx.main.dispatch task e3f89b19-8a8c-4f4d-97ae-79a0e7a5c677 starting awx.main.tasks.cluster_node_heartbeat(*[])
2019-09-10 18:55:24,931 DEBUG    awx.main.tasks Cluster node heartbeat task.
2019-09-10 18:55:24,943 DEBUG    awx.main.dispatch task e3f89b19-8a8c-4f4d-97ae-79a0e7a5c677 is finished
2019-09-10 18:55:24,983 DEBUG    awx.main.dispatch publish awx.main.tasks.awx_periodic_scheduler(55abce76-3ab1-4a88-bb82-520813b20095, queue=awx_private_queue)
[2019-09-10 18:55:24,983: DEBUG/Process-1] publish awx.main.tasks.awx_periodic_scheduler(55abce76-3ab1-4a88-bb82-520813b20095, queue=awx_private_queue)
2019-09-10 18:55:24,995 DEBUG    awx.main.dispatch delivered 55abce76-3ab1-4a88-bb82-520813b20095 to worker[204] qsize 0
2019-09-10 18:55:24,998 DEBUG    awx.main.dispatch task 55abce76-3ab1-4a88-bb82-520813b20095 starting awx.main.tasks.awx_periodic_scheduler(*[])
2019-09-10 18:55:25,007 DEBUG    awx.main.tasks Starting periodic scheduler
2019-09-10 18:55:25,012 DEBUG    awx.main.tasks Last scheduler run was: 2019-09-10 18:54:55.007540+00:00
2019-09-10 18:55:25,020 DEBUG    awx.main.dispatch publish awx.main.scheduler.tasks.run_task_manager(018b0a78-9ed0-4579-9e94-064b832d8f50, queue=awx_private_queue)
[2019-09-10 18:55:25,020: DEBUG/Process-1] publish awx.main.scheduler.tasks.run_task_manager(018b0a78-9ed0-4579-9e94-064b832d8f50, queue=awx_private_queue)
2019-09-10 18:55:25,036 DEBUG    awx.main.dispatch task 55abce76-3ab1-4a88-bb82-520813b20095 is finished
2019-09-10 18:55:25,044 DEBUG    awx.main.dispatch delivered 018b0a78-9ed0-4579-9e94-064b832d8f50 to worker[204] qsize 0
2019-09-10 18:55:25,051 DEBUG    awx.main.dispatch task 018b0a78-9ed0-4579-9e94-064b832d8f50 starting awx.main.scheduler.tasks.run_task_manager(*[])
2019-09-10 18:55:25,054 DEBUG    awx.main.scheduler Running Tower task manager.
2019-09-10 18:55:25,063 DEBUG    awx.main.scheduler Starting Scheduler
2019-09-10 18:55:25,076 DEBUG    awx.main.dispatch task 018b0a78-9ed0-4579-9e94-064b832d8f50 is finished
2019-09-10 18:55:45,019 DEBUG    awx.main.dispatch publish awx.main.scheduler.tasks.run_task_manager(a4c58aa0-9282-406a-919f-c562e85ac32a, queue=awx_private_queue)
[2019-09-10 18:55:45,019: DEBUG/Process-1] publish awx.main.scheduler.tasks.run_task_manager(a4c58aa0-9282-406a-919f-c562e85ac32a, queue=awx_private_queue)
2019-09-10 18:55:45,033 DEBUG    awx.main.dispatch delivered a4c58aa0-9282-406a-919f-c562e85ac32a to worker[206] qsize 0
2019-09-10 18:55:45,036 DEBUG    awx.main.dispatch task a4c58aa0-9282-406a-919f-c562e85ac32a starting awx.main.scheduler.tasks.run_task_manager(*[])
2019-09-10 18:55:45,043 DEBUG    awx.main.scheduler Running Tower task manager.
2019-09-10 18:55:45,054 DEBUG    awx.main.scheduler Starting Scheduler
2019-09-10 18:55:45,067 DEBUG    awx.main.dispatch task a4c58aa0-9282-406a-919f-c562e85ac32a is finished
2019-09-10 18:55:54,984 DEBUG    awx.main.dispatch publish awx.main.tasks.awx_periodic_scheduler(62f0b572-0f26-45bf-8b74-90c9d79efaaa, queue=awx_private_queue)
[2019-09-10 18:55:54,984: DEBUG/Process-1] publish awx.main.tasks.awx_periodic_scheduler(62f0b572-0f26-45bf-8b74-90c9d79efaaa, queue=awx_private_queue)
2019-09-10 18:55:54,998 DEBUG    awx.main.dispatch delivered 62f0b572-0f26-45bf-8b74-90c9d79efaaa to worker[206] qsize 0
2019-09-10 18:55:55,001 DEBUG    awx.main.dispatch task 62f0b572-0f26-45bf-8b74-90c9d79efaaa starting awx.main.tasks.awx_periodic_scheduler(*[])
2019-09-10 18:55:55,008 DEBUG    awx.main.tasks Starting periodic scheduler
2019-09-10 18:55:55,010 DEBUG    awx.main.tasks Last scheduler run was: 2019-09-10 18:55:25.008096+00:00
2019-09-10 18:55:55,018 DEBUG    awx.main.dispatch task 62f0b572-0f26-45bf-8b74-90c9d79efaaa is finished
RESULT 2
OKREADY
2019-09-10 18:56:05,019 DEBUG    awx.main.dispatch publish awx.main.scheduler.tasks.run_task_manager(b88b3e28-00a8-41e0-9818-de74ef709e55, queue=awx_private_queue)
[2019-09-10 18:56:05,019: DEBUG/Process-1] publish awx.main.scheduler.tasks.run_task_manager(b88b3e28-00a8-41e0-9818-de74ef709e55, queue=awx_private_queue)
2019-09-10 18:56:05,034 DEBUG    awx.main.dispatch delivered b88b3e28-00a8-41e0-9818-de74ef709e55 to worker[205] qsize 0
2019-09-10 18:56:05,038 DEBUG    awx.main.dispatch task b88b3e28-00a8-41e0-9818-de74ef709e55 starting awx.main.scheduler.tasks.run_task_manager(*[])
2019-09-10 18:56:05,041 DEBUG    awx.main.scheduler Running Tower task manager.
2019-09-10 18:56:05,049 DEBUG    awx.main.scheduler Starting Scheduler
2019-09-10 18:56:05,062 DEBUG    awx.main.dispatch task b88b3e28-00a8-41e0-9818-de74ef709e55 is finished
2019-09-10 18:56:24,811 DEBUG    awx.main.dispatch publish awx.main.tasks.cluster_node_heartbeat(5666c36e-bab4-4056-b262-314c841904de, queue=awx)
[2019-09-10 18:56:24,811: DEBUG/Process-1] publish awx.main.tasks.cluster_node_heartbeat(5666c36e-bab4-4056-b262-314c841904de, queue=awx)
2019-09-10 18:56:24,831 DEBUG    awx.main.dispatch delivered 5666c36e-bab4-4056-b262-314c841904de to worker[206] qsize 0
2019-09-10 18:56:24,837 DEBUG    awx.main.dispatch task 5666c36e-bab4-4056-b262-314c841904de starting awx.main.tasks.cluster_node_heartbeat(*[])
2019-09-10 18:56:24,838 DEBUG    awx.main.tasks Cluster node heartbeat task.
2019-09-10 18:56:24,853 DEBUG    awx.main.dispatch task 5666c36e-bab4-4056-b262-314c841904de is finished
2019-09-10 18:56:24,984 DEBUG    awx.main.dispatch publish awx.main.tasks.awx_periodic_scheduler(162bd5f7-1571-4722-adfd-c9ec8ea49bf8, queue=awx_private_queue)
[2019-09-10 18:56:24,984: DEBUG/Process-1] publish awx.main.tasks.awx_periodic_scheduler(162bd5f7-1571-4722-adfd-c9ec8ea49bf8, queue=awx_private_queue)
2019-09-10 18:56:25,010 DEBUG    awx.main.dispatch delivered 162bd5f7-1571-4722-adfd-c9ec8ea49bf8 to worker[206] qsize 0
2019-09-10 18:56:25,022 DEBUG    awx.main.dispatch task 162bd5f7-1571-4722-adfd-c9ec8ea49bf8 starting awx.main.tasks.awx_periodic_scheduler(*[])
2019-09-10 18:56:25,022 DEBUG    awx.main.dispatch publish awx.main.scheduler.tasks.run_task_manager(c8483f1a-d7f7-4275-acba-0aa080b308df, queue=awx_private_queue)
[2019-09-10 18:56:25,022: DEBUG/Process-1] publish awx.main.scheduler.tasks.run_task_manager(c8483f1a-d7f7-4275-acba-0aa080b308df, queue=awx_private_queue)
2019-09-10 18:56:25,034 DEBUG    awx.main.tasks Starting periodic scheduler
2019-09-10 18:56:25,038 DEBUG    awx.main.tasks Last scheduler run was: 2019-09-10 18:55:55.009103+00:00
2019-09-10 18:56:25,051 DEBUG    awx.main.dispatch task 162bd5f7-1571-4722-adfd-c9ec8ea49bf8 is finished
2019-09-10 18:56:25,048 DEBUG    awx.main.dispatch delivered c8483f1a-d7f7-4275-acba-0aa080b308df to worker[205] qsize 0
2019-09-10 18:56:25,169 DEBUG    awx.main.dispatch task c8483f1a-d7f7-4275-acba-0aa080b308df starting awx.main.scheduler.tasks.run_task_manager(*[])
2019-09-10 18:56:25,173 DEBUG    awx.main.scheduler Running Tower task manager.
2019-09-10 18:56:25,181 DEBUG    awx.main.scheduler Starting Scheduler
2019-09-10 18:56:25,193 DEBUG    awx.main.dispatch task c8483f1a-d7f7-4275-acba-0aa080b308df is finished
2019-09-10 18:56:45,020 DEBUG    awx.main.dispatch publish awx.main.scheduler.tasks.run_task_manager(a6a9feb4-16c7-4d1d-8235-fdeb1c2ab4e7, queue=awx_private_queue)
[2019-09-10 18:56:45,020: DEBUG/Process-1] publish awx.main.scheduler.tasks.run_task_manager(a6a9feb4-16c7-4d1d-8235-fdeb1c2ab4e7, queue=awx_private_queue)
2019-09-10 18:56:45,034 DEBUG    awx.main.dispatch delivered a6a9feb4-16c7-4d1d-8235-fdeb1c2ab4e7 to worker[204] qsize 0
2019-09-10 18:56:45,037 DEBUG    awx.main.dispatch task a6a9feb4-16c7-4d1d-8235-fdeb1c2ab4e7 starting awx.main.scheduler.tasks.run_task_manager(*[])
2019-09-10 18:56:45,041 DEBUG    awx.main.scheduler Running Tower task manager.
2019-09-10 18:56:45,049 DEBUG    awx.main.scheduler Starting Scheduler
2019-09-10 18:56:45,062 DEBUG    awx.main.dispatch task a6a9feb4-16c7-4d1d-8235-fdeb1c2ab4e7 is finished
2019-09-10 18:56:54,985 DEBUG    awx.main.dispatch publish awx.main.tasks.awx_periodic_scheduler(e183809d-981c-47cc-96e2-dfc29e19f560, queue=awx_private_queue)
[2019-09-10 18:56:54,985: DEBUG/Process-1] publish awx.main.tasks.awx_periodic_scheduler(e183809d-981c-47cc-96e2-dfc29e19f560, queue=awx_private_queue)
2019-09-10 18:56:55,004 DEBUG    awx.main.dispatch delivered e183809d-981c-47cc-96e2-dfc29e19f560 to worker[205] qsize 0
2019-09-10 18:56:55,007 DEBUG    awx.main.dispatch task e183809d-981c-47cc-96e2-dfc29e19f560 starting awx.main.tasks.awx_periodic_scheduler(*[])
2019-09-10 18:56:55,014 DEBUG    awx.main.tasks Starting periodic scheduler
2019-09-10 18:56:55,016 DEBUG    awx.main.tasks Last scheduler run was: 2019-09-10 18:56:25.035906+00:00
2019-09-10 18:56:55,023 DEBUG    awx.main.dispatch task e183809d-981c-47cc-96e2-dfc29e19f560 is finished
RESULT 2
OKREADY
2019-09-10 18:57:05,021 DEBUG    awx.main.dispatch publish awx.main.scheduler.tasks.run_task_manager(2fdf6d2b-2467-4fe7-a0b4-c9ae1d6a7f03, queue=awx_private_queue)
[2019-09-10 18:57:05,021: DEBUG/Process-1] publish awx.main.scheduler.tasks.run_task_manager(2fdf6d2b-2467-4fe7-a0b4-c9ae1d6a7f03, queue=awx_private_queue)
2019-09-10 18:57:05,035 DEBUG    awx.main.dispatch delivered 2fdf6d2b-2467-4fe7-a0b4-c9ae1d6a7f03 to worker[205] qsize 0
2019-09-10 18:57:05,037 DEBUG    awx.main.dispatch task 2fdf6d2b-2467-4fe7-a0b4-c9ae1d6a7f03 starting awx.main.scheduler.tasks.run_task_manager(*[])
2019-09-10 18:57:05,041 DEBUG    awx.main.scheduler Running Tower task manager.
2019-09-10 18:57:05,049 DEBUG    awx.main.scheduler Starting Scheduler
2019-09-10 18:57:05,063 DEBUG    awx.main.dispatch task 2fdf6d2b-2467-4fe7-a0b4-c9ae1d6a7f03 is finished
2019-09-10 18:57:24,810 DEBUG    awx.main.dispatch publish awx.main.tasks.cluster_node_heartbeat(48428185-8a54-4521-aee1-58d59b0a46d3, queue=awx)
[2019-09-10 18:57:24,810: DEBUG/Process-1] publish awx.main.tasks.cluster_node_heartbeat(48428185-8a54-4521-aee1-58d59b0a46d3, queue=awx)
2019-09-10 18:57:24,826 DEBUG    awx.main.dispatch delivered 48428185-8a54-4521-aee1-58d59b0a46d3 to worker[205] qsize 0
2019-09-10 18:57:24,827 DEBUG    awx.main.dispatch task 48428185-8a54-4521-aee1-58d59b0a46d3 starting awx.main.tasks.cluster_node_heartbeat(*[])
2019-09-10 18:57:24,831 DEBUG    awx.main.tasks Cluster node heartbeat task.
2019-09-10 18:57:24,841 DEBUG    awx.main.dispatch task 48428185-8a54-4521-aee1-58d59b0a46d3 is finished
2019-09-10 18:57:24,984 DEBUG    awx.main.dispatch publish awx.main.tasks.awx_periodic_scheduler(8ec82851-e581-4bd1-a67c-5027412663b9, queue=awx_private_queue)
[2019-09-10 18:57:24,984: DEBUG/Process-1] publish awx.main.tasks.awx_periodic_scheduler(8ec82851-e581-4bd1-a67c-5027412663b9, queue=awx_private_queue)
2019-09-10 18:57:25,103 DEBUG    awx.main.dispatch delivered 8ec82851-e581-4bd1-a67c-5027412663b9 to worker[206] qsize 0
2019-09-10 18:57:25,105 DEBUG    awx.main.dispatch publish awx.main.scheduler.tasks.run_task_manager(e991516a-80f1-4570-b873-dce235c81b31, queue=awx_private_queue)
[2019-09-10 18:57:25,105: DEBUG/Process-1] publish awx.main.scheduler.tasks.run_task_manager(e991516a-80f1-4570-b873-dce235c81b31, queue=awx_private_queue)
2019-09-10 18:57:25,110 DEBUG    awx.main.dispatch task 8ec82851-e581-4bd1-a67c-5027412663b9 starting awx.main.tasks.awx_periodic_scheduler(*[])
2019-09-10 18:57:25,126 DEBUG    awx.main.tasks Starting periodic scheduler
2019-09-10 18:57:25,126 DEBUG    awx.main.dispatch delivered e991516a-80f1-4570-b873-dce235c81b31 to worker[205] qsize 0
2019-09-10 18:57:25,131 DEBUG    awx.main.tasks Last scheduler run was: 2019-09-10 18:56:55.015814+00:00
2019-09-10 18:57:25,130 DEBUG    awx.main.dispatch task e991516a-80f1-4570-b873-dce235c81b31 starting awx.main.scheduler.tasks.run_task_manager(*[])
2019-09-10 18:57:25,135 DEBUG    awx.main.scheduler Running Tower task manager.
2019-09-10 18:57:25,142 DEBUG    awx.main.dispatch task 8ec82851-e581-4bd1-a67c-5027412663b9 is finished
2019-09-10 18:57:25,149 DEBUG    awx.main.scheduler Starting Scheduler
2019-09-10 18:57:25,163 DEBUG    awx.main.dispatch task e991516a-80f1-4570-b873-dce235c81b31 is finished
2019-09-10 18:57:45,115 DEBUG    awx.main.dispatch publish awx.main.scheduler.tasks.run_task_manager(96ead22b-018a-46a0-948c-25809af27a7d, queue=awx_private_queue)
[2019-09-10 18:57:45,115: DEBUG/Process-1] publish awx.main.scheduler.tasks.run_task_manager(96ead22b-018a-46a0-948c-25809af27a7d, queue=awx_private_queue)
2019-09-10 18:57:45,127 DEBUG    awx.main.dispatch delivered 96ead22b-018a-46a0-948c-25809af27a7d to worker[204] qsize 0
2019-09-10 18:57:45,131 DEBUG    awx.main.dispatch task 96ead22b-018a-46a0-948c-25809af27a7d starting awx.main.scheduler.tasks.run_task_manager(*[])
2019-09-10 18:57:45,135 DEBUG    awx.main.scheduler Running Tower task manager.
2019-09-10 18:57:45,144 DEBUG    awx.main.scheduler Starting Scheduler
2019-09-10 18:57:45,158 DEBUG    awx.main.dispatch task 96ead22b-018a-46a0-948c-25809af27a7d is finished
2019-09-10 18:57:54,984 DEBUG    awx.main.dispatch publish awx.main.tasks.awx_periodic_scheduler(1d916a30-9c62-4897-bf0d-8afa0a034965, queue=awx_private_queue)
[2019-09-10 18:57:54,984: DEBUG/Process-1] publish awx.main.tasks.awx_periodic_scheduler(1d916a30-9c62-4897-bf0d-8afa0a034965, queue=awx_private_queue)
2019-09-10 18:57:54,997 DEBUG    awx.main.dispatch delivered 1d916a30-9c62-4897-bf0d-8afa0a034965 to worker[205] qsize 0
2019-09-10 18:57:55,000 DEBUG    awx.main.dispatch task 1d916a30-9c62-4897-bf0d-8afa0a034965 starting awx.main.tasks.awx_periodic_scheduler(*[])
2019-09-10 18:57:55,007 DEBUG    awx.main.tasks Starting periodic scheduler
2019-09-10 18:57:55,009 DEBUG    awx.main.tasks Last scheduler run was: 2019-09-10 18:57:25.128334+00:00
2019-09-10 18:57:55,016 DEBUG    awx.main.dispatch task 1d916a30-9c62-4897-bf0d-8afa0a034965 is finished
RESULT 2
OKREADY
2019-09-10 18:58:05,116 DEBUG    awx.main.dispatch publish awx.main.scheduler.tasks.run_task_manager(be27f0c9-af8e-4b8c-9839-7f78ce91af88, queue=awx_private_queue)
[2019-09-10 18:58:05,116: DEBUG/Process-1] publish awx.main.scheduler.tasks.run_task_manager(be27f0c9-af8e-4b8c-9839-7f78ce91af88, queue=awx_private_queue)
2019-09-10 18:58:05,130 DEBUG    awx.main.dispatch delivered be27f0c9-af8e-4b8c-9839-7f78ce91af88 to worker[207] qsize 0
2019-09-10 18:58:05,133 DEBUG    awx.main.dispatch task be27f0c9-af8e-4b8c-9839-7f78ce91af88 starting awx.main.scheduler.tasks.run_task_manager(*[])
2019-09-10 18:58:05,137 DEBUG    awx.main.scheduler Running Tower task manager.
2019-09-10 18:58:05,146 DEBUG    awx.main.scheduler Starting Scheduler
2019-09-10 18:58:05,160 DEBUG    awx.main.dispatch task be27f0c9-af8e-4b8c-9839-7f78ce91af88 is finished
2019-09-10 18:58:24,812 DEBUG    awx.main.dispatch publish awx.main.tasks.cluster_node_heartbeat(1c298ebe-97e9-4ed6-86a8-1ceee10e2c3f, queue=awx)
[2019-09-10 18:58:24,812: DEBUG/Process-1] publish awx.main.tasks.cluster_node_heartbeat(1c298ebe-97e9-4ed6-86a8-1ceee10e2c3f, queue=awx)
2019-09-10 18:58:24,840 DEBUG    awx.main.dispatch delivered 1c298ebe-97e9-4ed6-86a8-1ceee10e2c3f to worker[206] qsize 0
2019-09-10 18:58:24,842 DEBUG    awx.main.dispatch task 1c298ebe-97e9-4ed6-86a8-1ceee10e2c3f starting awx.main.tasks.cluster_node_heartbeat(*[])
2019-09-10 18:58:24,846 DEBUG    awx.main.tasks Cluster node heartbeat task.
2019-09-10 18:58:24,859 DEBUG    awx.main.dispatch task 1c298ebe-97e9-4ed6-86a8-1ceee10e2c3f is finished
2019-09-10 18:58:24,987 DEBUG    awx.main.dispatch publish awx.main.tasks.awx_periodic_scheduler(70a1ff76-d576-4aab-9f24-471b6b711c50, queue=awx_private_queue)
[2019-09-10 18:58:24,987: DEBUG/Process-1] publish awx.main.tasks.awx_periodic_scheduler(70a1ff76-d576-4aab-9f24-471b6b711c50, queue=awx_private_queue)
2019-09-10 18:58:25,108 DEBUG    awx.main.dispatch delivered 70a1ff76-d576-4aab-9f24-471b6b711c50 to worker[207] qsize 0
2019-09-10 18:58:25,116 DEBUG    awx.main.dispatch publish awx.main.scheduler.tasks.run_task_manager(efba056d-82c5-44f7-a3eb-5fb389dde135, queue=awx_private_queue)
2019-09-10 18:58:25,119 DEBUG    awx.main.dispatch task 70a1ff76-d576-4aab-9f24-471b6b711c50 starting awx.main.tasks.awx_periodic_scheduler(*[])
[2019-09-10 18:58:25,116: DEBUG/Process-1] publish awx.main.scheduler.tasks.run_task_manager(efba056d-82c5-44f7-a3eb-5fb389dde135, queue=awx_private_queue)
2019-09-10 18:58:25,136 DEBUG    awx.main.tasks Starting periodic scheduler
2019-09-10 18:58:25,137 DEBUG    awx.main.dispatch delivered efba056d-82c5-44f7-a3eb-5fb389dde135 to worker[205] qsize 0
2019-09-10 18:58:25,140 DEBUG    awx.main.tasks Last scheduler run was: 2019-09-10 18:57:55.008605+00:00
2019-09-10 18:58:25,143 DEBUG    awx.main.dispatch task efba056d-82c5-44f7-a3eb-5fb389dde135 starting awx.main.scheduler.tasks.run_task_manager(*[])
2019-09-10 18:58:25,150 DEBUG    awx.main.scheduler Running Tower task manager.
2019-09-10 18:58:25,158 DEBUG    awx.main.dispatch task 70a1ff76-d576-4aab-9f24-471b6b711c50 is finished
2019-09-10 18:58:25,166 DEBUG    awx.main.scheduler Starting Scheduler
2019-09-10 18:58:25,180 DEBUG    awx.main.dispatch task efba056d-82c5-44f7-a3eb-5fb389dde135 is finished
2019-09-10 18:58:45,122 DEBUG    awx.main.dispatch publish awx.main.scheduler.tasks.run_task_manager(6dc5e0de-4013-4d1f-9e8a-f93c1c189788, queue=awx_private_queue)
[2019-09-10 18:58:45,122: DEBUG/Process-1] publish awx.main.scheduler.tasks.run_task_manager(6dc5e0de-4013-4d1f-9e8a-f93c1c189788, queue=awx_private_queue)
2019-09-10 18:58:45,132 DEBUG    awx.main.dispatch delivered 6dc5e0de-4013-4d1f-9e8a-f93c1c189788 to worker[206] qsize 0
2019-09-10 18:58:45,135 DEBUG    awx.main.dispatch task 6dc5e0de-4013-4d1f-9e8a-f93c1c189788 starting awx.main.scheduler.tasks.run_task_manager(*[])
2019-09-10 18:58:45,139 DEBUG    awx.main.scheduler Running Tower task manager.
2019-09-10 18:58:45,147 DEBUG    awx.main.scheduler Starting Scheduler
2019-09-10 18:58:45,161 DEBUG    awx.main.dispatch task 6dc5e0de-4013-4d1f-9e8a-f93c1c189788 is finished
2019-09-10 18:58:54,992 DEBUG    awx.main.dispatch publish awx.main.tasks.awx_periodic_scheduler(2bce50f8-5c18-47c8-bad6-08bc74e189ce, queue=awx_private_queue)
[2019-09-10 18:58:54,992: DEBUG/Process-1] publish awx.main.tasks.awx_periodic_scheduler(2bce50f8-5c18-47c8-bad6-08bc74e189ce, queue=awx_private_queue)
2019-09-10 18:58:55,030 DEBUG    awx.main.dispatch delivered 2bce50f8-5c18-47c8-bad6-08bc74e189ce to worker[204] qsize 0
2019-09-10 18:58:55,034 DEBUG    awx.main.dispatch task 2bce50f8-5c18-47c8-bad6-08bc74e189ce starting awx.main.tasks.awx_periodic_scheduler(*[])
2019-09-10 18:58:55,069 DEBUG    awx.main.tasks Starting periodic scheduler
2019-09-10 18:58:55,072 DEBUG    awx.main.tasks Last scheduler run was: 2019-09-10 18:58:25.138473+00:00
2019-09-10 18:58:55,092 DEBUG    awx.main.dispatch task 2bce50f8-5c18-47c8-bad6-08bc74e189ce is finished
RESULT 2
OKREADY
[vagrant@awx ~]$